# JRE version: Java(TM) SE Runtime Environment 18.9 (11.0.13+10) (build 11.0.13+10-LTS-370)
# Java VM: Java HotSpot(TM) 64-Bit Server VM 18.9 (11.0.13+10-LTS-370, mixed mode, tiered, compressed oops, g1 gc, windows-amd64)
Heap:
 garbage-first heap   total 212992K, used 20125K [0x0000000080000000, 0x0000000100000000)
  region size 1024K, 12 young (12288K), 12 survivors (12288K)
 Metaspace       used 44033K, capacity 45451K, committed 45568K, reserved 1089536K
  class space    used 5768K, capacity 6335K, committed 6400K, reserved 1048576K
GC Heap History (10 events):
Event: 1.795 GC heap after
{Heap after GC invocations=4 (full 0):
 garbage-first heap   total 131072K, used 7461K [0x0000000080000000, 0x0000000100000000)
  region size 1024K, 3 young (3072K), 3 survivors (3072K)
 Metaspace       used 15905K, capacity 16394K, committed 16640K, reserved 1064960K
  class space    used 1800K, capacity 2017K, committed 2048K, reserved 1048576K
}
Event: 2.602 GC heap before
{Heap before GC invocations=4 (full 0):
 garbage-first heap   total 131072K, used 31013K [0x0000000080000000, 0x0000000100000000)
  region size 1024K, 26 young (26624K), 3 survivors (3072K)
 Metaspace       used 19344K, capacity 19978K, committed 20224K, reserved 1067008K
  class space    used 2280K, capacity 2543K, committed 2560K, reserved 1048576K
}
Event: 2.616 GC heap after
{Heap after GC invocations=5 (full 0):
 garbage-first heap   total 157696K, used 8717K [0x0000000080000000, 0x0000000100000000)
  region size 1024K, 4 young (4096K), 4 survivors (4096K)
 Metaspace       used 19344K, capacity 19978K, committed 20224K, reserved 1067008K
  class space    used 2280K, capacity 2543K, committed 2560K, reserved 1048576K
}
Event: 2.743 GC heap before
{Heap before GC invocations=5 (full 0):
 garbage-first heap   total 157696K, used 18957K [0x0000000080000000, 0x0000000100000000)
  region size 1024K, 15 young (15360K), 4 survivors (4096K)
 Metaspace       used 20560K, capacity 21245K, committed 21296K, reserved 1069056K
  class space    used 2469K, capacity 2776K, committed 2816K, reserved 1048576K
}
Event: 2.756 GC heap after
{Heap after GC invocations=6 (full 0):
 garbage-first heap   total 157696K, used 9210K [0x0000000080000000, 0x0000000100000000)
  region size 1024K, 4 young (4096K), 4 survivors (4096K)
 Metaspace       used 20560K, capacity 21245K, committed 21296K, reserved 1069056K
  class space    used 2469K, capacity 2776K, committed 2816K, reserved 1048576K
}
Event: 4.086 GC heap before
{Heap before GC invocations=7 (full 0):
 garbage-first heap   total 157696K, used 92154K [0x0000000080000000, 0x0000000100000000)
  region size 1024K, 86 young (88064K), 4 survivors (4096K)
 Metaspace       used 28424K, capacity 29316K, committed 29568K, reserved 1075200K
  class space    used 3492K, capacity 3890K, committed 3968K, reserved 1048576K
}
Event: 4.108 GC heap after
{Heap after GC invocations=8 (full 0):
 garbage-first heap   total 157696K, used 11385K [0x0000000080000000, 0x0000000100000000)
  region size 1024K, 6 young (6144K), 6 survivors (6144K)
 Metaspace       used 28424K, capacity 29316K, committed 29568K, reserved 1075200K
  class space    used 3492K, capacity 3890K, committed 3968K, reserved 1048576K
}
Event: 5.638 GC heap before
{Heap before GC invocations=8 (full 0):
 garbage-first heap   total 157696K, used 92281K [0x0000000080000000, 0x0000000100000000)
  region size 1024K, 82 young (83968K), 6 survivors (6144K)
 Metaspace       used 34688K, capacity 35792K, committed 35840K, reserved 1081344K
  class space    used 4342K, capacity 4835K, committed 4864K, reserved 1048576K
}
Event: 5.665 GC heap after
{Heap after GC invocations=9 (full 0):
 garbage-first heap   total 157696K, used 14482K [0x0000000080000000, 0x0000000100000000)
  region size 1024K, 9 young (9216K), 9 survivors (9216K)
 Metaspace       used 34688K, capacity 35792K, committed 35840K, reserved 1081344K
  class space    used 4342K, capacity 4835K, committed 4864K, reserved 1048576K
}
Event: 8.168 GC heap before
{Heap before GC invocations=10 (full 0):
 garbage-first heap   total 157696K, used 99474K [0x0000000080000000, 0x0000000100000000)
  region size 1024K, 92 young (94208K), 9 survivors (9216K)
 Metaspace       used 44033K, capacity 45451K, committed 45568K, reserved 1089536K
  class space    used 5768K, capacity 6335K, committed 6400K, reserved 1048576K
}

