# JRE version: Java(TM) SE Runtime Environment 18.9 (11.0.13+10) (build 11.0.13+10-LTS-370)
# Java VM: Java HotSpot(TM) 64-Bit Server VM 18.9 (11.0.13+10-LTS-370, mixed mode, tiered, compressed oops, g1 gc, windows-amd64)
Heap:
 garbage-first heap   total 262144K, used 9611K [0x0000000080000000, 0x0000000100000000)
  region size 1024K, 3 young (3072K), 3 survivors (3072K)
 Metaspace       used 24491K, capacity 25259K, committed 25344K, reserved 1079296K
  class space    used 2956K, capacity 3286K, committed 3328K, reserved 1048576K
GC Heap History (10 events):
Event: 3.450 GC heap before
{Heap before GC invocations=2 (full 0):
 garbage-first heap   total 131072K, used 16756K [0x0000000080000000, 0x0000000100000000)
  region size 1024K, 13 young (13312K), 1 survivors (1024K)
 Metaspace       used 13561K, capacity 13916K, committed 14208K, reserved 1062912K
  class space    used 1465K, capacity 1612K, committed 1664K, reserved 1048576K
}
Event: 3.459 GC heap after
{Heap after GC invocations=3 (full 0):
 garbage-first heap   total 131072K, used 7562K [0x0000000080000000, 0x0000000100000000)
  region size 1024K, 2 young (2048K), 2 survivors (2048K)
 Metaspace       used 13561K, capacity 13916K, committed 14208K, reserved 1062912K
  class space    used 1465K, capacity 1612K, committed 1664K, reserved 1048576K
}
Event: 3.845 GC heap before
{Heap before GC invocations=3 (full 0):
 garbage-first heap   total 131072K, used 23946K [0x0000000080000000, 0x0000000100000000)
  region size 1024K, 18 young (18432K), 2 survivors (2048K)
 Metaspace       used 15713K, capacity 16160K, committed 16384K, reserved 1062912K
  class space    used 1762K, capacity 1979K, committed 2048K, reserved 1048576K
}
Event: 3.855 GC heap after
{Heap after GC invocations=4 (full 0):
 garbage-first heap   total 131072K, used 8661K [0x0000000080000000, 0x0000000100000000)
  region size 1024K, 2 young (2048K), 2 survivors (2048K)
 Metaspace       used 15713K, capacity 16160K, committed 16384K, reserved 1062912K
  class space    used 1762K, capacity 1979K, committed 2048K, reserved 1048576K
}
Event: 4.475 GC heap before
{Heap before GC invocations=4 (full 0):
 garbage-first heap   total 131072K, used 31189K [0x0000000080000000, 0x0000000100000000)
  region size 1024K, 24 young (24576K), 2 survivors (2048K)
 Metaspace       used 18950K, capacity 19531K, committed 19712K, reserved 1067008K
  class space    used 2212K, capacity 2478K, committed 2560K, reserved 1048576K
}
Event: 4.493 GC heap after
{Heap after GC invocations=5 (full 0):
 garbage-first heap   total 262144K, used 9743K [0x0000000080000000, 0x0000000100000000)
  region size 1024K, 2 young (2048K), 2 survivors (2048K)
 Metaspace       used 18950K, capacity 19531K, committed 19712K, reserved 1067008K
  class space    used 2212K, capacity 2478K, committed 2560K, reserved 1048576K
}
Event: 4.704 GC heap before
{Heap before GC invocations=5 (full 0):
 garbage-first heap   total 262144K, used 22031K [0x0000000080000000, 0x0000000100000000)
  region size 1024K, 15 young (15360K), 2 survivors (2048K)
 Metaspace       used 20487K, capacity 21214K, committed 21248K, reserved 1067008K
  class space    used 2460K, capacity 2790K, committed 2816K, reserved 1048576K
}
Event: 4.714 GC heap after
{Heap after GC invocations=6 (full 0):
 garbage-first heap   total 262144K, used 10298K [0x0000000080000000, 0x0000000100000000)
  region size 1024K, 3 young (3072K), 3 survivors (3072K)
 Metaspace       used 20487K, capacity 21214K, committed 21248K, reserved 1067008K
  class space    used 2460K, capacity 2790K, committed 2816K, reserved 1048576K
}
Event: 5.520 GC heap before
{Heap before GC invocations=7 (full 0):
 garbage-first heap   total 262144K, used 35898K [0x0000000080000000, 0x0000000100000000)
  region size 1024K, 31 young (31744K), 3 survivors (3072K)
 Metaspace       used 24491K, capacity 25259K, committed 25344K, reserved 1077248K
  class space    used 2956K, capacity 3286K, committed 3328K, reserved 1048576K
}
Event: 5.532 GC heap after
{Heap after GC invocations=8 (full 0):
 garbage-first heap   total 262144K, used 9611K [0x0000000080000000, 0x0000000100000000)
  region size 1024K, 3 young (3072K), 3 survivors (3072K)
 Metaspace       used 24491K, capacity 25259K, committed 25344K, reserved 1077248K
  class space    used 2956K, capacity 3286K, committed 3328K, reserved 1048576K
}

